Arguments: 
  C:\Program Files\nodejs\node.exe C:\Users\zhang\AppData\Roaming\npm\node_modules\yarn\bin\yarn.js add typescript ts-node -D

PATH: 
  D:\Program Files\Python\Scripts\;D:\Program Files\Python\;D:\Program Files\platform-tools;C:\Program Files\Common Files\Oracle\Java\javapath;C:\WINDOWS\system32;C:\WINDOWS;C:\WINDOWS\System32\Wbem;C:\WINDOWS\System32\WindowsPowerShell\v1.0\;C:\WINDOWS\System32\OpenSSH\;C:\Program Files\NVIDIA Corporation\NVIDIA NvDLISR;C:\Program Files (x86)\NVIDIA Corporation\PhysX\Common;C:\WINDOWS\system32;C:\WINDOWS;C:\WINDOWS\System32\Wbem;C:\WINDOWS\System32\WindowsPowerShell\v1.0\;C:\WINDOWS\System32\OpenSSH\;C:\Program Files\Git\cmd;D:\Program Files\Microsoft VS Code\bin;C:\Program Files\dotnet\;C:\Program Files\Java\jdk1.8.0_181\bin;C:\Program Files\Java\jdk1.8.0_181\jre\bin;D:\SDK\flutter\2.0.6\bin;C:\Program Files\nodejs\;C:\Users\zhang\AppData\Local\Microsoft\WindowsApps;D:\Program Files\BandZip\;C:\Users\zhang\AppData\Local\Programs\Fiddler;C:\Users\zhang\AppData\Local\Microsoft\WindowsApps;D:\SDK\flutter\1.22.6\bin;D:\SDK\android;D:\Program Files\JetBrains\WebStorm\bin;D:\Program Files\Huawei\DevEco Studio 2.1.0.501\bin;C:\Users\zhang\AppData\Local\atom\bin;C:\Users\zhang\AppData\Roaming\npm;D:\Program Files\Microsoft VS Code\bin

Yarn version: 
  1.22.10

Node version: 
  14.18.1

Platform: 
  win32 x64

Trace: 
  SyntaxError: E:\Projects\Studio\VMDC-UI\package.json: Unexpected token } in JSON at position 501
      at JSON.parse (<anonymous>)
      at C:\Users\zhang\AppData\Roaming\npm\node_modules\yarn\lib\cli.js:1625:59
      at Generator.next (<anonymous>)
      at step (C:\Users\zhang\AppData\Roaming\npm\node_modules\yarn\lib\cli.js:310:30)
      at C:\Users\zhang\AppData\Roaming\npm\node_modules\yarn\lib\cli.js:321:13

npm manifest: 
  {
    "name": "vmdc-ui",
    "version": "0.1.13",
    "description": "",
    "main": "index.js",
    "scripts": {
      "test": "echo \"Error: no test specified\" && exit 1"
    },
    "repository": {
      "type": "git",
      "url": "git+https://github.com/VirStudio/VMDC-UI.git"
    },
    "author": "",
    "license": "GPL-3.0-or-later",
    "bugs": {
      "url": "https://github.com/VirStudio/VMDC-UI/issues"
    },
    "homepage": "https://github.com/VirStudio/VMDC-UI#readme",
    "devDependencies": {
      "lerna": "^4.0.0"
    },
  }

yarn manifest: 
  No manifest

Lockfile: 
  No lockfile
